0 info it worked if it ends with ok
1 verbose cli [ '/usr/local/bin/node',
1 verbose cli   '/usr/local/bin/npm',
1 verbose cli   'run',
1 verbose cli   'start:hmr' ]
2 info using npm@3.8.6
3 info using node@v6.0.0
4 verbose run-script [ 'prestart:hmr', 'start:hmr', 'poststart:hmr' ]
5 info lifecycle aa-protoype-typescript@1.0.0~prestart:hmr: aa-protoype-typescript@1.0.0
6 silly lifecycle aa-protoype-typescript@1.0.0~prestart:hmr: no script for prestart:hmr, continuing
7 info lifecycle aa-protoype-typescript@1.0.0~start:hmr: aa-protoype-typescript@1.0.0
8 verbose lifecycle aa-protoype-typescript@1.0.0~start:hmr: unsafe-perm in lifecycle true
9 verbose lifecycle aa-protoype-typescript@1.0.0~start:hmr: PATH: /usr/local/lib/node_modules/npm/bin/node-gyp-bin:/Users/ronanbrett/Work/repos/aa-prototype-typescript/node_modules/.bin:/usr/local/bin:/Users/ronanbrett/google-cloud-sdk/bin:/usr/local/bin:/usr/bin:/bin:/usr/sbin:/sbin:/usr/local/lib/node_modules/protractor/selenium:/opt/X11/bin
10 verbose lifecycle aa-protoype-typescript@1.0.0~start:hmr: CWD: /Users/ronanbrett/Work/repos/aa-prototype-typescript
11 silly lifecycle aa-protoype-typescript@1.0.0~start:hmr: Args: [ '-c', 'npm run server:dev -- --env.HMR' ]
12 silly lifecycle aa-protoype-typescript@1.0.0~start:hmr: Returned: code: 1  signal: null
13 info lifecycle aa-protoype-typescript@1.0.0~start:hmr: Failed to exec start:hmr script
14 verbose stack Error: aa-protoype-typescript@1.0.0 start:hmr: `npm run server:dev -- --env.HMR`
14 verbose stack Exit status 1
14 verbose stack     at EventEmitter.<anonymous> (/usr/local/lib/node_modules/npm/lib/utils/lifecycle.js:239:16)
14 verbose stack     at emitTwo (events.js:106:13)
14 verbose stack     at EventEmitter.emit (events.js:191:7)
14 verbose stack     at ChildProcess.<anonymous> (/usr/local/lib/node_modules/npm/lib/utils/spawn.js:24:14)
14 verbose stack     at emitTwo (events.js:106:13)
14 verbose stack     at ChildProcess.emit (events.js:191:7)
14 verbose stack     at maybeClose (internal/child_process.js:850:16)
14 verbose stack     at Process.ChildProcess._handle.onexit (internal/child_process.js:215:5)
15 verbose pkgid aa-protoype-typescript@1.0.0
16 verbose cwd /Users/ronanbrett/Work/repos/aa-prototype-typescript
17 error Darwin 16.0.0
18 error argv "/usr/local/bin/node" "/usr/local/bin/npm" "run" "start:hmr"
19 error node v6.0.0
20 error npm  v3.8.6
21 error code ELIFECYCLE
22 error aa-protoype-typescript@1.0.0 start:hmr: `npm run server:dev -- --env.HMR`
22 error Exit status 1
23 error Failed at the aa-protoype-typescript@1.0.0 start:hmr script 'npm run server:dev -- --env.HMR'.
23 error Make sure you have the latest version of node.js and npm installed.
23 error If you do, this is most likely a problem with the aa-protoype-typescript package,
23 error not with npm itself.
23 error Tell the author that this fails on your system:
23 error     npm run server:dev -- --env.HMR
23 error You can get information on how to open an issue for this project with:
23 error     npm bugs aa-protoype-typescript
23 error Or if that isn't available, you can get their info via:
23 error     npm owner ls aa-protoype-typescript
23 error There is likely additional logging output above.
24 verbose exit [ 1, true ]
